<?xml version="1.0" encoding="UTF-8" ?>
<testsuite failures="0" time="0.666" errors="0" skipped="0" tests="43" name="uk.ac.ebi.BrainPopulationTest">
  <properties>
    <property name="java.runtime.name" value="Java(TM) SE Runtime Environment"/>
    <property name="sun.boot.library.path" value="/usr/lib/jvm/java-6-sun-1.6.0.26/jre/lib/i386"/>
    <property name="java.vm.version" value="20.1-b02"/>
    <property name="java.vm.vendor" value="Sun Microsystems Inc."/>
    <property name="java.vendor.url" value="http://java.sun.com/"/>
    <property name="path.separator" value=":"/>
    <property name="java.vm.name" value="Java HotSpot(TM) Server VM"/>
    <property name="file.encoding.pkg" value="sun.io"/>
    <property name="user.country" value="GB"/>
    <property name="sun.java.launcher" value="SUN_STANDARD"/>
    <property name="sun.os.patch.level" value="unknown"/>
    <property name="java.vm.specification.name" value="Java Virtual Machine Specification"/>
    <property name="user.dir" value="/home/samuel/git/Brain"/>
    <property name="java.runtime.version" value="1.6.0_26-b03"/>
    <property name="java.awt.graphicsenv" value="sun.awt.X11GraphicsEnvironment"/>
    <property name="basedir" value="/home/samuel/git/Brain"/>
    <property name="java.endorsed.dirs" value="/usr/lib/jvm/java-6-sun-1.6.0.26/jre/lib/endorsed"/>
    <property name="os.arch" value="i386"/>
    <property name="surefire.real.class.path" value="/tmp/surefirebooter5472002781240913641.jar"/>
    <property name="java.io.tmpdir" value="/tmp"/>
    <property name="line.separator" value="
"/>
    <property name="java.vm.specification.vendor" value="Sun Microsystems Inc."/>
    <property name="os.name" value="Linux"/>
    <property name="sun.jnu.encoding" value="UTF-8"/>
    <property name="java.library.path" value="/usr/lib/jvm/java-6-sun-1.6.0.26/jre/lib/i386/server:/usr/lib/jvm/java-6-sun-1.6.0.26/jre/lib/i386:/usr/lib/jvm/java-6-sun-1.6.0.26/jre/../lib/i386:/usr/java/packages/lib/i386:/lib:/usr/lib"/>
    <property name="surefire.test.class.path" value="/home/samuel/git/Brain/target/test-classes:/home/samuel/git/Brain/target/classes:/home/samuel/.m2/repository/junit/junit/4.10/junit-4.10.jar:/home/samuel/.m2/repository/org/hamcrest/hamcrest-core/1.1/hamcrest-core-1.1.jar:/home/samuel/.m2/repository/net/sourceforge/owlapi/owlapi-api/3.4/owlapi-api-3.4.jar:/home/samuel/.m2/repository/org/semanticweb/elk/elk-owlapi/0.3.1/elk-owlapi-0.3.1.jar:/home/samuel/.m2/repository/net/sourceforge/owlapi/owlapi-apibinding/3.4/owlapi-apibinding-3.4.jar:/home/samuel/.m2/repository/net/sourceforge/owlapi/owlapi-impl/3.4/owlapi-impl-3.4.jar:/home/samuel/.m2/repository/net/sourceforge/owlapi/owlapi-parsers/3.4/owlapi-parsers-3.4.jar:/home/samuel/.m2/repository/net/sourceforge/owlapi/owlapi-tools/3.4/owlapi-tools-3.4.jar:/home/samuel/.m2/repository/org/semanticweb/elk/elk-owl-model/0.3.1/elk-owl-model-0.3.1.jar:/home/samuel/.m2/repository/org/semanticweb/elk/elk-owl-implementation/0.3.1/elk-owl-implementation-0.3.1.jar:/home/samuel/.m2/repository/org/semanticweb/elk/elk-util-hashing/0.3.1/elk-util-hashing-0.3.1.jar:/home/samuel/.m2/repository/org/semanticweb/elk/elk-reasoner/0.3.1/elk-reasoner-0.3.1.jar:/home/samuel/.m2/repository/org/semanticweb/elk/elk-util-collections/0.3.1/elk-util-collections-0.3.1.jar:/home/samuel/.m2/repository/org/semanticweb/elk/elk-util-concurrent/0.3.1/elk-util-concurrent-0.3.1.jar:/home/samuel/.m2/repository/org/semanticweb/elk/elk-util-logging/0.3.1/elk-util-logging-0.3.1.jar:/home/samuel/.m2/repository/log4j/log4j/1.2.14/log4j-1.2.14.jar:/home/samuel/.m2/repository/org/semanticweb/elk/elk-util-common/0.3.1/elk-util-common-0.3.1.jar:/home/samuel/.m2/repository/org/semanticweb/elk/elk-util-io/0.3.1/elk-util-io-0.3.1.jar:"/>
    <property name="java.specification.name" value="Java Platform API Specification"/>
    <property name="java.class.version" value="50.0"/>
    <property name="sun.management.compiler" value="HotSpot Tiered Compilers"/>
    <property name="os.version" value="3.0.0-17-generic-pae"/>
    <property name="user.home" value="/home/samuel"/>
    <property name="user.timezone" value=""/>
    <property name="java.awt.printerjob" value="sun.print.PSPrinterJob"/>
    <property name="file.encoding" value="UTF-8"/>
    <property name="java.specification.version" value="1.6"/>
    <property name="user.name" value="samuel"/>
    <property name="java.class.path" value="/home/samuel/git/Brain/target/test-classes:/home/samuel/git/Brain/target/classes:/home/samuel/.m2/repository/junit/junit/4.10/junit-4.10.jar:/home/samuel/.m2/repository/org/hamcrest/hamcrest-core/1.1/hamcrest-core-1.1.jar:/home/samuel/.m2/repository/net/sourceforge/owlapi/owlapi-api/3.4/owlapi-api-3.4.jar:/home/samuel/.m2/repository/org/semanticweb/elk/elk-owlapi/0.3.1/elk-owlapi-0.3.1.jar:/home/samuel/.m2/repository/net/sourceforge/owlapi/owlapi-apibinding/3.4/owlapi-apibinding-3.4.jar:/home/samuel/.m2/repository/net/sourceforge/owlapi/owlapi-impl/3.4/owlapi-impl-3.4.jar:/home/samuel/.m2/repository/net/sourceforge/owlapi/owlapi-parsers/3.4/owlapi-parsers-3.4.jar:/home/samuel/.m2/repository/net/sourceforge/owlapi/owlapi-tools/3.4/owlapi-tools-3.4.jar:/home/samuel/.m2/repository/org/semanticweb/elk/elk-owl-model/0.3.1/elk-owl-model-0.3.1.jar:/home/samuel/.m2/repository/org/semanticweb/elk/elk-owl-implementation/0.3.1/elk-owl-implementation-0.3.1.jar:/home/samuel/.m2/repository/org/semanticweb/elk/elk-util-hashing/0.3.1/elk-util-hashing-0.3.1.jar:/home/samuel/.m2/repository/org/semanticweb/elk/elk-reasoner/0.3.1/elk-reasoner-0.3.1.jar:/home/samuel/.m2/repository/org/semanticweb/elk/elk-util-collections/0.3.1/elk-util-collections-0.3.1.jar:/home/samuel/.m2/repository/org/semanticweb/elk/elk-util-concurrent/0.3.1/elk-util-concurrent-0.3.1.jar:/home/samuel/.m2/repository/org/semanticweb/elk/elk-util-logging/0.3.1/elk-util-logging-0.3.1.jar:/home/samuel/.m2/repository/log4j/log4j/1.2.14/log4j-1.2.14.jar:/home/samuel/.m2/repository/org/semanticweb/elk/elk-util-common/0.3.1/elk-util-common-0.3.1.jar:/home/samuel/.m2/repository/org/semanticweb/elk/elk-util-io/0.3.1/elk-util-io-0.3.1.jar:"/>
    <property name="java.vm.specification.version" value="1.0"/>
    <property name="sun.arch.data.model" value="32"/>
    <property name="java.home" value="/usr/lib/jvm/java-6-sun-1.6.0.26/jre"/>
    <property name="sun.java.command" value="/tmp/surefirebooter5472002781240913641.jar /tmp/surefire6156717435085200054tmp /tmp/surefire8093647771105986193tmp"/>
    <property name="java.specification.vendor" value="Sun Microsystems Inc."/>
    <property name="user.language" value="en"/>
    <property name="java.vm.info" value="mixed mode"/>
    <property name="java.version" value="1.6.0_26"/>
    <property name="java.ext.dirs" value="/usr/lib/jvm/java-6-sun-1.6.0.26/jre/lib/ext:/usr/java/packages/lib/ext"/>
    <property name="sun.boot.class.path" value="/usr/lib/jvm/java-6-sun-1.6.0.26/jre/lib/resources.jar:/usr/lib/jvm/java-6-sun-1.6.0.26/jre/lib/rt.jar:/usr/lib/jvm/java-6-sun-1.6.0.26/jre/lib/sunrsasign.jar:/usr/lib/jvm/java-6-sun-1.6.0.26/jre/lib/jsse.jar:/usr/lib/jvm/java-6-sun-1.6.0.26/jre/lib/jce.jar:/usr/lib/jvm/java-6-sun-1.6.0.26/jre/lib/charsets.jar:/usr/lib/jvm/java-6-sun-1.6.0.26/jre/lib/modules/jdk.boot.jar:/usr/lib/jvm/java-6-sun-1.6.0.26/jre/classes"/>
    <property name="java.vendor" value="Sun Microsystems Inc."/>
    <property name="localRepository" value="/home/samuel/.m2/repository"/>
    <property name="file.separator" value="/"/>
    <property name="java.vendor.url.bug" value="http://java.sun.com/cgi-bin/bugreport.cgi"/>
    <property name="sun.cpu.endian" value="little"/>
    <property name="sun.io.unicode.encoding" value="UnicodeLittle"/>
    <property name="sun.desktop" value="gnome"/>
    <property name="sun.cpu.isalist" value=""/>
  </properties>
  <testcase time="0.344" classname="uk.ac.ebi.BrainPopulationTest" name="wrongPrefixTest"/>
  <testcase time="0.001" classname="uk.ac.ebi.BrainPopulationTest" name="addClassTest"/>
  <testcase time="0.001" classname="uk.ac.ebi.BrainPopulationTest" name="addExternalClassTest"/>
  <testcase time="0.001" classname="uk.ac.ebi.BrainPopulationTest" name="addClassWithBadNameTest"/>
  <testcase time="0.002" classname="uk.ac.ebi.BrainPopulationTest" name="addExistingClassTest"/>
  <testcase time="0.001" classname="uk.ac.ebi.BrainPopulationTest" name="getOwlClassTest"/>
  <testcase time="0.001" classname="uk.ac.ebi.BrainPopulationTest" name="getNonExsistingOwlClassTest"/>
  <testcase time="0.043" classname="uk.ac.ebi.BrainPopulationTest" name="subClassOfTest"/>
  <testcase time="0.007" classname="uk.ac.ebi.BrainPopulationTest" name="equivalentClassesTest"/>
  <testcase time="0.005" classname="uk.ac.ebi.BrainPopulationTest" name="disjointClassesTest"/>
  <testcase time="0.003" classname="uk.ac.ebi.BrainPopulationTest" name="subClassOfErrorTest"/>
  <testcase time="0.03" classname="uk.ac.ebi.BrainPopulationTest" name="saveOntology"/>
  <testcase time="0.004" classname="uk.ac.ebi.BrainPopulationTest" name="objectPropertyTest"/>
  <testcase time="0.001" classname="uk.ac.ebi.BrainPopulationTest" name="redundantObjectPropertyTest"/>
  <testcase time="0.002" classname="uk.ac.ebi.BrainPopulationTest" name="addExternalObjectPropertyTest"/>
  <testcase time="0.009" classname="uk.ac.ebi.BrainPopulationTest" name="transitivePropertyTest"/>
  <testcase time="0.004" classname="uk.ac.ebi.BrainPopulationTest" name="unknownTransitivePropertyTest"/>
  <testcase time="0.006" classname="uk.ac.ebi.BrainPopulationTest" name="reflexivePropertyTest"/>
  <testcase time="0.004" classname="uk.ac.ebi.BrainPopulationTest" name="dataPropertyTest"/>
  <testcase time="0.001" classname="uk.ac.ebi.BrainPopulationTest" name="existingDataPropertyTest"/>
  <testcase time="0.001" classname="uk.ac.ebi.BrainPopulationTest" name="addExternalDataPropertyTest"/>
  <testcase time="0.004" classname="uk.ac.ebi.BrainPopulationTest" name="functionalDataPropertyTest"/>
  <testcase time="0.004" classname="uk.ac.ebi.BrainPopulationTest" name="functionalDataPropertyAssertionTest"/>
  <testcase time="0.006" classname="uk.ac.ebi.BrainPopulationTest" name="domainTest"/>
  <testcase time="0.013" classname="uk.ac.ebi.BrainPopulationTest" name="complexDomainTest"/>
  <testcase time="0.005" classname="uk.ac.ebi.BrainPopulationTest" name="rangeObjectPropertyTest"/>
  <testcase time="0.005" classname="uk.ac.ebi.BrainPopulationTest" name="rangeDataPropertyTest"/>
  <testcase time="0.004" classname="uk.ac.ebi.BrainPopulationTest" name="equivalentObjectPropertiesTest"/>
  <testcase time="0.004" classname="uk.ac.ebi.BrainPopulationTest" name="wrongEquivalentObjectPropertiesTest"/>
  <testcase time="0.005" classname="uk.ac.ebi.BrainPopulationTest" name="equivalentDataPropertiesTest"/>
  <testcase time="0.004" classname="uk.ac.ebi.BrainPopulationTest" name="mixedEquivalentPropertiesTest"/>
  <testcase time="0.008" classname="uk.ac.ebi.BrainPopulationTest" name="subObjectPropertyTest"/>
  <testcase time="0.042" classname="uk.ac.ebi.BrainPopulationTest" name="subDataPropertyTest"/>
  <testcase time="0.008" classname="uk.ac.ebi.BrainPopulationTest" name="corruptedSubPropertyAseertionTest"/>
  <testcase time="0.01" classname="uk.ac.ebi.BrainPopulationTest" name="ChainedPropertiesTest"/>
  <testcase time="0.002" classname="uk.ac.ebi.BrainPopulationTest" name="wrongChainedPropertiesTest"/>
  <testcase time="0.012" classname="uk.ac.ebi.BrainPopulationTest" name="labelTest"/>
  <testcase time="0.002" classname="uk.ac.ebi.BrainPopulationTest" name="externalAnnotationTest"/>
  <testcase time="0.002" classname="uk.ac.ebi.BrainPopulationTest" name="annotationTest"/>
  <testcase time="0.001" classname="uk.ac.ebi.BrainPopulationTest" name="wrongAnnotationTest"/>
  <testcase time="0.003" classname="uk.ac.ebi.BrainPopulationTest" name="builtInAnnotationTest"/>
  <testcase time="0.009" classname="uk.ac.ebi.BrainPopulationTest" name="prefixTest"/>
  <testcase time="0.004" classname="uk.ac.ebi.BrainPopulationTest" name="addClassBivalentHandling"/>
</testsuite>